2.2001 	WARNING 	We strongly recommend you activate the PTB sound engine in PsychoPy prefs as the preferred audio engine. Its timing is vastly superior. Your prefs are currently set to use ['sounddevice', 'PTB', 'pyo', 'pygame'] (in that order).
21.3421 	WARNING 	User requested fullscreen with size [1024  768], but screen is actually [1440, 900]. Using actual size
22.0448 	EXP 	Created window1 = Window(allowGUI=True, allowStencil=False, autoLog=True, backendConf=UNKNOWN, bitsMode=UNKNOWN, blendMode='avg', bpc=(8, 8, 8), color=array([0, 0, 0]), colorSpace='rgb', depthBits=8, fullscr=<method-wrapper '__getattribute__' of attributeSetter object at 0x7fafd066ac70>, gamma=None, gammaErrorPolicy='raise', lms=UNKNOWN, monitor=<psychopy.monitors.calibTools.Monitor object at 0x7faf9d26a6a0>, multiSample=False, name='window1', numSamples=2, pos=[0.0, 0.0], screen=0, size=array([1440,  900]), stencilBits=0, stereo=False, units='height', useFBO=True, useRetina=False, viewOri=0.0, viewPos=None, viewScale=None, waitBlanking=True, winType='pyglet')
22.0451 	EXP 	window1: mouseVisible = True
22.0463 	EXP 	window1: mouseVisible = False
22.0463 	EXP 	window1: Attempting to measure frame rate of screen (0) ...
22.0463 	EXP 	window1: recordFrameIntervals = False
22.2114 	EXP 	window1: recordFrameIntervals = True
22.3956 	EXP 	Screen (0) actual frame rate measured at 59.84Hz
22.3957 	EXP 	window1: recordFrameIntervals = False
25.2324 	EXP 	Created fixation = ShapeStim(__class__=<class 'psychopy.visual.shape.ShapeStim'>, anchor=('center', 'center'), autoDraw=False, autoLog=True, closeShape=True, color=method-wrapper(...), colorSpace='rgb', contrast=None, depth=0.0, fillColor=array([1, 1, 1]), fillColorSpace='rgb', fillRGB=array([1, 1, 1]), interpolate=True, lineColor=array([1., 1., 1.]), lineColorSpace='rgb', lineRGB=array([1, 1, 1]), lineWidth=1.0, name='fixation', opacity=1.0, ori=0.0, pos=array([0., 0.]), size=array([10., 10.]), units='pix', vertices=ndarray(...), win=Window(...), windingRule=None)
25.2381 	EXP 	Created grating = GratingStim(__class__=<class 'psychopy.visual.grating.GratingStim'>, anchor='center', autoDraw=False, autoLog=True, blendmode='avg', color=array([0.3, 0.3, 0.3]), colorSpace='rgb', contrast=0.3, depth=-1.0, interpolate=True, mask='gauss', maskParams=None, name='grating', opacity=1.0, ori=1.0, phase=array([0., 0.]), pos=array([0., 0.]), rgbPedestal=array([0., 0., 0.]), sf=array([5., 5.]), size=array([0.2, 0.2]), tex='sin', texRes=128.0, units='height', win=Window(...))
25.2400 	EXP 	Created sequence: random, trialTypes=1, nReps=100, seed=None
25.2408 	EXP 	New trial (rep=0, index=0): None
25.2618 	EXP 	grating: ori = 0.0
25.2618 	EXP 	fixation: autoDraw = True
26.2376 	EXP 	grating: autoDraw = True
26.2376 	EXP 	grating: tex = 'sin'
26.2709 	EXP 	fixation: autoDraw = False
26.5387 	EXP 	grating: autoDraw = False
27.4285 	EXP 	New trial (rep=1, index=0): None
27.4331 	DATA 	Keypress: down
27.4409 	EXP 	fixation: autoDraw = False
27.4409 	EXP 	grating: autoDraw = False
27.4409 	EXP 	grating: ori = 0.0
27.4409 	EXP 	fixation: autoDraw = True
28.4274 	EXP 	grating: autoDraw = True
28.4440 	EXP 	fixation: autoDraw = False
28.7279 	EXP 	grating: autoDraw = False
29.2660 	EXP 	New trial (rep=2, index=0): None
29.2686 	DATA 	Keypress: down
29.2790 	EXP 	fixation: autoDraw = False
29.2790 	EXP 	grating: autoDraw = False
29.2790 	EXP 	grating: ori = 0.0
29.2790 	EXP 	fixation: autoDraw = True
30.2650 	EXP 	grating: autoDraw = True
30.2816 	EXP 	fixation: autoDraw = False
30.5661 	EXP 	grating: autoDraw = False
30.9406 	EXP 	New trial (rep=3, index=0): None
30.9444 	DATA 	Keypress: down
30.9508 	EXP 	fixation: autoDraw = False
30.9508 	EXP 	grating: autoDraw = False
30.9508 	EXP 	grating: ori = 3.0
30.9508 	EXP 	fixation: autoDraw = True
31.9532 	EXP 	fixation: autoDraw = False
31.9532 	EXP 	grating: autoDraw = True
32.2540 	EXP 	grating: autoDraw = False
32.5448 	EXP 	New trial (rep=4, index=0): None
32.5484 	DATA 	Keypress: up
32.5545 	EXP 	fixation: autoDraw = False
32.5545 	EXP 	grating: autoDraw = False
32.5545 	EXP 	grating: ori = -5.0
32.5545 	EXP 	fixation: autoDraw = True
33.5573 	EXP 	fixation: autoDraw = False
33.5573 	EXP 	grating: autoDraw = True
33.8579 	EXP 	grating: autoDraw = False
34.5645 	EXP 	New trial (rep=5, index=0): None
34.5675 	DATA 	Keypress: down
34.5765 	EXP 	fixation: autoDraw = False
34.5765 	EXP 	grating: autoDraw = False
34.5765 	EXP 	grating: ori = 2.0
34.5765 	EXP 	fixation: autoDraw = True
35.5626 	EXP 	grating: autoDraw = True
35.5792 	EXP 	fixation: autoDraw = False
35.8638 	EXP 	grating: autoDraw = False
36.3872 	EXP 	New trial (rep=6, index=0): None
36.3903 	DATA 	Keypress: down
36.3979 	EXP 	fixation: autoDraw = False
36.3979 	EXP 	grating: autoDraw = False
36.3979 	EXP 	grating: ori = 0.0
36.3979 	EXP 	fixation: autoDraw = True
37.4009 	EXP 	fixation: autoDraw = False
37.4009 	EXP 	grating: autoDraw = True
37.7023 	EXP 	grating: autoDraw = False
38.1079 	EXP 	New trial (rep=7, index=0): None
38.1105 	DATA 	Keypress: down
38.1196 	EXP 	fixation: autoDraw = False
38.1196 	EXP 	grating: autoDraw = False
38.1196 	EXP 	grating: ori = 0.0
38.1196 	EXP 	fixation: autoDraw = True
39.1219 	EXP 	fixation: autoDraw = False
39.1219 	EXP 	grating: autoDraw = True
39.4231 	EXP 	grating: autoDraw = False
39.8103 	EXP 	New trial (rep=8, index=0): None
39.8129 	DATA 	Keypress: up
39.8242 	EXP 	fixation: autoDraw = False
39.8242 	EXP 	grating: autoDraw = False
39.8242 	EXP 	grating: ori = 0.0
39.8242 	EXP 	fixation: autoDraw = True
40.8102 	EXP 	grating: autoDraw = True
40.8269 	EXP 	fixation: autoDraw = False
41.1113 	EXP 	grating: autoDraw = False
41.7033 	EXP 	New trial (rep=9, index=0): None
41.7064 	DATA 	Keypress: down
41.7123 	EXP 	fixation: autoDraw = False
41.7123 	EXP 	grating: autoDraw = False
41.7123 	EXP 	grating: ori = 1.0
41.7123 	EXP 	fixation: autoDraw = True
42.7154 	EXP 	fixation: autoDraw = False
42.7154 	EXP 	grating: autoDraw = True
43.0163 	EXP 	grating: autoDraw = False
43.3723 	EXP 	New trial (rep=10, index=0): None
43.3755 	DATA 	Keypress: up
43.3833 	EXP 	fixation: autoDraw = False
43.3833 	EXP 	grating: autoDraw = False
43.3833 	EXP 	grating: ori = 3.0
43.3833 	EXP 	fixation: autoDraw = True
44.3864 	EXP 	fixation: autoDraw = False
44.3864 	EXP 	grating: autoDraw = True
44.6868 	EXP 	grating: autoDraw = False
44.9747 	EXP 	New trial (rep=11, index=0): None
44.9773 	DATA 	Keypress: down
44.9877 	EXP 	fixation: autoDraw = False
44.9877 	EXP 	grating: autoDraw = False
44.9877 	EXP 	grating: ori = -4.0
44.9877 	EXP 	fixation: autoDraw = True
45.9741 	EXP 	grating: autoDraw = True
45.9907 	EXP 	fixation: autoDraw = False
46.2748 	EXP 	grating: autoDraw = False
46.5791 	EXP 	New trial (rep=12, index=0): None
46.5819 	DATA 	Keypress: down
46.5919 	EXP 	fixation: autoDraw = False
46.5919 	EXP 	grating: autoDraw = False
46.5919 	EXP 	grating: ori = -3.0
46.5919 	EXP 	fixation: autoDraw = True
47.5782 	EXP 	grating: autoDraw = True
47.5947 	EXP 	fixation: autoDraw = False
47.8791 	EXP 	grating: autoDraw = False
48.1369 	EXP 	New trial (rep=13, index=0): None
48.1401 	DATA 	Keypress: down
48.1460 	EXP 	fixation: autoDraw = False
48.1460 	EXP 	grating: autoDraw = False
48.1460 	EXP 	grating: ori = 0.0
48.1460 	EXP 	fixation: autoDraw = True
49.1489 	EXP 	fixation: autoDraw = False
49.1489 	EXP 	grating: autoDraw = True
49.4496 	EXP 	grating: autoDraw = False
49.8713 	EXP 	New trial (rep=14, index=0): None
49.8739 	DATA 	Keypress: down
49.8840 	EXP 	fixation: autoDraw = False
49.8840 	EXP 	grating: autoDraw = False
49.8840 	EXP 	grating: ori = 2.0
49.8840 	EXP 	fixation: autoDraw = True
50.8702 	EXP 	grating: autoDraw = True
50.8866 	EXP 	fixation: autoDraw = False
51.1713 	EXP 	grating: autoDraw = False
51.5453 	EXP 	New trial (rep=15, index=0): None
51.5488 	DATA 	Keypress: up
51.5552 	EXP 	fixation: autoDraw = False
51.5552 	EXP 	grating: autoDraw = False
51.5552 	EXP 	grating: ori = 0.0
51.5552 	EXP 	fixation: autoDraw = True
52.5583 	EXP 	fixation: autoDraw = False
52.5583 	EXP 	grating: autoDraw = True
52.8591 	EXP 	grating: autoDraw = False
53.3998 	EXP 	New trial (rep=16, index=0): None
53.4045 	DATA 	Keypress: up
53.4117 	EXP 	fixation: autoDraw = False
53.4117 	EXP 	grating: autoDraw = False
53.4117 	EXP 	grating: ori = -4.0
53.4117 	EXP 	fixation: autoDraw = True
54.4131 	EXP 	fixation: autoDraw = False
54.4131 	EXP 	grating: autoDraw = True
54.7142 	EXP 	grating: autoDraw = False
55.1022 	EXP 	New trial (rep=17, index=0): None
55.1055 	DATA 	Keypress: down
55.1145 	EXP 	fixation: autoDraw = False
55.1145 	EXP 	grating: autoDraw = False
55.1145 	EXP 	grating: ori = 0.0
55.1145 	EXP 	fixation: autoDraw = True
56.1007 	EXP 	grating: autoDraw = True
56.1175 	EXP 	fixation: autoDraw = False
56.4020 	EXP 	grating: autoDraw = False
56.7218 	EXP 	New trial (rep=18, index=0): None
56.7247 	DATA 	Keypress: up
56.7358 	EXP 	fixation: autoDraw = False
56.7358 	EXP 	grating: autoDraw = False
56.7358 	EXP 	grating: ori = 1.0
56.7358 	EXP 	fixation: autoDraw = True
57.7222 	EXP 	grating: autoDraw = True
57.7384 	EXP 	fixation: autoDraw = False
58.0230 	EXP 	grating: autoDraw = False
58.4460 	EXP 	New trial (rep=19, index=0): None
58.4496 	DATA 	Keypress: up
58.4573 	EXP 	fixation: autoDraw = False
58.4573 	EXP 	grating: autoDraw = False
58.4573 	EXP 	grating: ori = 2.0
58.4573 	EXP 	fixation: autoDraw = True
59.4597 	EXP 	fixation: autoDraw = False
59.4597 	EXP 	grating: autoDraw = True
59.7611 	EXP 	grating: autoDraw = False
60.2984 	EXP 	New trial (rep=20, index=0): None
60.3010 	DATA 	Keypress: down
60.3124 	EXP 	fixation: autoDraw = False
60.3124 	EXP 	grating: autoDraw = False
60.3124 	EXP 	grating: ori = 3.0
60.3124 	EXP 	fixation: autoDraw = True
61.2978 	EXP 	grating: autoDraw = True
61.3150 	EXP 	fixation: autoDraw = False
61.5991 	EXP 	grating: autoDraw = False
61.9558 	EXP 	New trial (rep=21, index=0): None
61.9598 	DATA 	Keypress: down
61.9662 	EXP 	fixation: autoDraw = False
61.9662 	EXP 	grating: autoDraw = False
61.9662 	EXP 	grating: ori = -3.0
61.9662 	EXP 	fixation: autoDraw = True
62.9694 	EXP 	fixation: autoDraw = False
62.9694 	EXP 	grating: autoDraw = True
63.2702 	EXP 	grating: autoDraw = False
63.7744 	EXP 	New trial (rep=22, index=0): None
63.7770 	DATA 	Keypress: down
63.7881 	EXP 	fixation: autoDraw = False
63.7881 	EXP 	grating: autoDraw = False
63.7881 	EXP 	grating: ori = 0.0
63.7881 	EXP 	fixation: autoDraw = True
64.7751 	EXP 	grating: autoDraw = True
64.7913 	EXP 	fixation: autoDraw = False
65.0751 	EXP 	grating: autoDraw = False
65.7311 	EXP 	New trial (rep=23, index=0): None
65.7338 	DATA 	Keypress: down
65.7431 	EXP 	fixation: autoDraw = False
65.7431 	EXP 	grating: autoDraw = False
65.7431 	EXP 	grating: ori = 0.0
65.7431 	EXP 	fixation: autoDraw = True
66.7295 	EXP 	grating: autoDraw = True
66.7464 	EXP 	fixation: autoDraw = False
67.0303 	EXP 	grating: autoDraw = False
67.5198 	EXP 	New trial (rep=24, index=0): None
67.5227 	DATA 	Keypress: down
67.5311 	EXP 	fixation: autoDraw = False
67.5311 	EXP 	grating: autoDraw = False
67.5311 	EXP 	grating: ori = 0.0
67.5311 	EXP 	fixation: autoDraw = True
68.5345 	EXP 	fixation: autoDraw = False
68.5345 	EXP 	grating: autoDraw = True
68.8352 	EXP 	grating: autoDraw = False
69.2066 	EXP 	New trial (rep=25, index=0): None
69.2092 	DATA 	Keypress: up
69.2192 	EXP 	fixation: autoDraw = False
69.2192 	EXP 	grating: autoDraw = False
69.2192 	EXP 	grating: ori = 1.0
69.2192 	EXP 	fixation: autoDraw = True
70.2053 	EXP 	grating: autoDraw = True
70.2214 	EXP 	fixation: autoDraw = False
70.5057 	EXP 	grating: autoDraw = False
70.9939 	EXP 	New trial (rep=26, index=0): None
70.9965 	DATA 	Keypress: down
71.0073 	EXP 	fixation: autoDraw = False
71.0073 	EXP 	grating: autoDraw = False
71.0073 	EXP 	grating: ori = 3.0
71.0073 	EXP 	fixation: autoDraw = True
71.9931 	EXP 	grating: autoDraw = True
72.0097 	EXP 	fixation: autoDraw = False
72.3272 	EXP 	grating: autoDraw = False
72.8240 	EXP 	New trial (rep=27, index=0): None
72.8510 	DATA 	Keypress: down
72.8619 	EXP 	fixation: autoDraw = False
72.8619 	EXP 	grating: autoDraw = False
72.8619 	EXP 	grating: ori = 0.0
72.8619 	EXP 	fixation: autoDraw = True
73.8314 	EXP 	grating: autoDraw = True
73.8646 	EXP 	fixation: autoDraw = False
74.1321 	EXP 	grating: autoDraw = False
74.5197 	EXP 	New trial (rep=28, index=0): None
74.5223 	DATA 	Keypress: down
74.5330 	EXP 	fixation: autoDraw = False
74.5330 	EXP 	grating: autoDraw = False
74.5330 	EXP 	grating: ori = 0.0
74.5330 	EXP 	fixation: autoDraw = True
75.5190 	EXP 	grating: autoDraw = True
75.5363 	EXP 	fixation: autoDraw = False
75.8206 	EXP 	grating: autoDraw = False
76.2787 	EXP 	New trial (rep=29, index=0): None
76.2820 	DATA 	Keypress: down
76.2878 	EXP 	fixation: autoDraw = False
76.2878 	EXP 	grating: autoDraw = False
76.2878 	EXP 	grating: ori = 0.0
76.2878 	EXP 	fixation: autoDraw = True
77.2904 	EXP 	fixation: autoDraw = False
77.2904 	EXP 	grating: autoDraw = True
77.5916 	EXP 	grating: autoDraw = False
78.1638 	EXP 	New trial (rep=30, index=0): None
78.1666 	DATA 	Keypress: up
78.1763 	EXP 	fixation: autoDraw = False
78.1763 	EXP 	grating: autoDraw = False
78.1763 	EXP 	grating: ori = 0.0
78.1763 	EXP 	fixation: autoDraw = True
79.1627 	EXP 	grating: autoDraw = True
79.1793 	EXP 	fixation: autoDraw = False
79.4630 	EXP 	grating: autoDraw = False
79.8852 	EXP 	New trial (rep=31, index=0): None
79.8880 	DATA 	Keypress: up
79.8980 	EXP 	fixation: autoDraw = False
79.8980 	EXP 	grating: autoDraw = False
79.8980 	EXP 	grating: ori = 3.0
79.8980 	EXP 	fixation: autoDraw = True
80.8839 	EXP 	grating: autoDraw = True
80.9001 	EXP 	fixation: autoDraw = False
81.1850 	EXP 	grating: autoDraw = False
81.6565 	EXP 	New trial (rep=32, index=0): None
81.6592 	DATA 	Keypress: down
81.6689 	EXP 	fixation: autoDraw = False
81.6689 	EXP 	grating: autoDraw = False
81.6689 	EXP 	grating: ori = 0.0
81.6689 	EXP 	fixation: autoDraw = True
82.6549 	EXP 	grating: autoDraw = True
82.6717 	EXP 	fixation: autoDraw = False
82.9556 	EXP 	grating: autoDraw = False
83.5612 	EXP 	New trial (rep=33, index=0): None
83.5638 	DATA 	Keypress: up
83.5740 	EXP 	fixation: autoDraw = False
83.5740 	EXP 	grating: autoDraw = False
83.5740 	EXP 	grating: ori = 0.0
83.5740 	EXP 	fixation: autoDraw = True
84.5600 	EXP 	grating: autoDraw = True
84.5768 	EXP 	fixation: autoDraw = False
84.8614 	EXP 	grating: autoDraw = False
85.6661 	EXP 	New trial (rep=34, index=0): None
85.6688 	DATA 	Keypress: up
85.6798 	EXP 	fixation: autoDraw = False
85.6798 	EXP 	grating: autoDraw = False
85.6798 	EXP 	grating: ori = -2.0
85.6798 	EXP 	fixation: autoDraw = True
86.6655 	EXP 	grating: autoDraw = True
86.6824 	EXP 	fixation: autoDraw = False
86.9673 	EXP 	grating: autoDraw = False
87.3709 	EXP 	New trial (rep=35, index=0): None
87.3735 	DATA 	Keypress: down
87.3842 	EXP 	fixation: autoDraw = False
87.3842 	EXP 	grating: autoDraw = False
87.3842 	EXP 	grating: ori = 0.0
87.3842 	EXP 	fixation: autoDraw = True
88.3707 	EXP 	grating: autoDraw = True
88.3875 	EXP 	fixation: autoDraw = False
88.6714 	EXP 	grating: autoDraw = False
88.9945 	EXP 	New trial (rep=36, index=0): None
88.9977 	DATA 	Keypress: down
89.0049 	EXP 	fixation: autoDraw = False
89.0049 	EXP 	grating: autoDraw = False
89.0049 	EXP 	grating: ori = 4.0
89.0049 	EXP 	fixation: autoDraw = True
90.0083 	EXP 	fixation: autoDraw = False
90.0083 	EXP 	grating: autoDraw = True
90.3089 	EXP 	grating: autoDraw = False
90.6473 	EXP 	New trial (rep=37, index=0): None
90.6499 	DATA 	Keypress: down
90.6596 	EXP 	fixation: autoDraw = False
90.6596 	EXP 	grating: autoDraw = False
90.6596 	EXP 	grating: ori = 3.0
90.6596 	EXP 	fixation: autoDraw = True
91.6460 	EXP 	grating: autoDraw = True
91.6628 	EXP 	fixation: autoDraw = False
91.9467 	EXP 	grating: autoDraw = False
92.2848 	EXP 	New trial (rep=38, index=0): None
92.2877 	DATA 	Keypress: down
92.2972 	EXP 	fixation: autoDraw = False
92.2972 	EXP 	grating: autoDraw = False
92.2972 	EXP 	grating: ori = 0.0
92.2972 	EXP 	fixation: autoDraw = True
93.2836 	EXP 	grating: autoDraw = True
93.3003 	EXP 	fixation: autoDraw = False
93.5845 	EXP 	grating: autoDraw = False
93.8378 	EXP 	New trial (rep=39, index=0): None
93.8404 	DATA 	Keypress: down
93.8515 	EXP 	fixation: autoDraw = False
93.8515 	EXP 	grating: autoDraw = False
93.8515 	EXP 	grating: ori = 0.0
93.8515 	EXP 	fixation: autoDraw = True
94.8380 	EXP 	grating: autoDraw = True
94.8541 	EXP 	fixation: autoDraw = False
95.1384 	EXP 	grating: autoDraw = False
95.4117 	EXP 	New trial (rep=40, index=0): None
95.4147 	DATA 	Keypress: down
95.4222 	EXP 	fixation: autoDraw = False
95.4222 	EXP 	grating: autoDraw = False
95.4222 	EXP 	grating: ori = 2.0
95.4222 	EXP 	fixation: autoDraw = True
96.4252 	EXP 	fixation: autoDraw = False
96.4252 	EXP 	grating: autoDraw = True
96.7263 	EXP 	grating: autoDraw = False
97.1636 	EXP 	New trial (rep=41, index=0): None
97.1662 	DATA 	Keypress: down
97.1772 	EXP 	fixation: autoDraw = False
97.1772 	EXP 	grating: autoDraw = False
97.1772 	EXP 	grating: ori = 0.0
97.1772 	EXP 	fixation: autoDraw = True
98.1630 	EXP 	grating: autoDraw = True
98.1804 	EXP 	fixation: autoDraw = False
98.4643 	EXP 	grating: autoDraw = False
98.8219 	EXP 	New trial (rep=42, index=0): None
98.8250 	DATA 	Keypress: down
98.8315 	EXP 	fixation: autoDraw = False
98.8315 	EXP 	grating: autoDraw = False
98.8315 	EXP 	grating: ori = 0.0
98.8315 	EXP 	fixation: autoDraw = True
99.8344 	EXP 	fixation: autoDraw = False
99.8344 	EXP 	grating: autoDraw = True
100.1349 	EXP 	grating: autoDraw = False
100.7909 	EXP 	New trial (rep=43, index=0): None
100.7937 	DATA 	Keypress: up
100.8035 	EXP 	fixation: autoDraw = False
100.8035 	EXP 	grating: autoDraw = False
100.8035 	EXP 	grating: ori = 3.0
100.8035 	EXP 	fixation: autoDraw = True
101.7897 	EXP 	grating: autoDraw = True
101.8063 	EXP 	fixation: autoDraw = False
102.0906 	EXP 	grating: autoDraw = False
102.5148 	EXP 	New trial (rep=44, index=0): None
102.5177 	DATA 	Keypress: down
102.5251 	EXP 	fixation: autoDraw = False
102.5251 	EXP 	grating: autoDraw = False
102.5251 	EXP 	grating: ori = 0.0
102.5251 	EXP 	fixation: autoDraw = True
103.5274 	EXP 	fixation: autoDraw = False
103.5274 	EXP 	grating: autoDraw = True
103.8281 	EXP 	grating: autoDraw = False
104.4997 	EXP 	New trial (rep=45, index=0): None
104.5024 	DATA 	Keypress: down
104.5136 	EXP 	fixation: autoDraw = False
104.5136 	EXP 	grating: autoDraw = False
104.5136 	EXP 	grating: ori = 0.0
104.5136 	EXP 	fixation: autoDraw = True
105.5000 	EXP 	grating: autoDraw = True
105.5163 	EXP 	fixation: autoDraw = False
105.8003 	EXP 	grating: autoDraw = False
106.3729 	EXP 	New trial (rep=46, index=0): None
106.3756 	DATA 	Keypress: down
106.3848 	EXP 	fixation: autoDraw = False
106.3848 	EXP 	grating: autoDraw = False
106.3848 	EXP 	grating: ori = 4.0
106.3848 	EXP 	fixation: autoDraw = True
107.3713 	EXP 	grating: autoDraw = True
107.3881 	EXP 	fixation: autoDraw = False
107.6722 	EXP 	grating: autoDraw = False
108.2463 	EXP 	New trial (rep=47, index=0): None
108.2491 	DATA 	Keypress: down
108.2567 	EXP 	fixation: autoDraw = False
108.2567 	EXP 	grating: autoDraw = False
108.2567 	EXP 	grating: ori = -2.0
108.2567 	EXP 	fixation: autoDraw = True
109.2593 	EXP 	fixation: autoDraw = False
109.2593 	EXP 	grating: autoDraw = True
109.5607 	EXP 	grating: autoDraw = False
110.1488 	EXP 	New trial (rep=48, index=0): None
110.1521 	DATA 	Keypress: down
110.1616 	EXP 	fixation: autoDraw = False
110.1616 	EXP 	grating: autoDraw = False
110.1616 	EXP 	grating: ori = 0.0
110.1616 	EXP 	fixation: autoDraw = True
111.1481 	EXP 	grating: autoDraw = True
111.1649 	EXP 	fixation: autoDraw = False
111.4486 	EXP 	grating: autoDraw = False
111.9558 	EXP 	New trial (rep=49, index=0): None
111.9586 	DATA 	Keypress: up
111.9663 	EXP 	fixation: autoDraw = False
111.9663 	EXP 	grating: autoDraw = False
111.9663 	EXP 	grating: ori = 0.0
111.9663 	EXP 	fixation: autoDraw = True
112.9698 	EXP 	fixation: autoDraw = False
112.9698 	EXP 	grating: autoDraw = True
113.2701 	EXP 	grating: autoDraw = False
113.8589 	EXP 	New trial (rep=50, index=0): None
113.8615 	DATA 	Keypress: up
113.8717 	EXP 	fixation: autoDraw = False
113.8717 	EXP 	grating: autoDraw = False
113.8717 	EXP 	grating: ori = 3.0
113.8717 	EXP 	fixation: autoDraw = True
114.8577 	EXP 	grating: autoDraw = True
114.8746 	EXP 	fixation: autoDraw = False
115.1589 	EXP 	grating: autoDraw = False
115.6794 	EXP 	New trial (rep=51, index=0): None
115.6821 	DATA 	Keypress: down
115.6931 	EXP 	fixation: autoDraw = False
115.6931 	EXP 	grating: autoDraw = False
115.6931 	EXP 	grating: ori = 4.0
115.6931 	EXP 	fixation: autoDraw = True
116.6795 	EXP 	grating: autoDraw = True
116.6962 	EXP 	fixation: autoDraw = False
116.9803 	EXP 	grating: autoDraw = False
117.2880 	EXP 	New trial (rep=52, index=0): None
117.2911 	DATA 	Keypress: down
117.2977 	EXP 	fixation: autoDraw = False
117.2977 	EXP 	grating: autoDraw = False
117.2977 	EXP 	grating: ori = -4.0
117.2977 	EXP 	fixation: autoDraw = True
118.3000 	EXP 	fixation: autoDraw = False
118.3000 	EXP 	grating: autoDraw = True
118.6014 	EXP 	grating: autoDraw = False
119.1766 	EXP 	New trial (rep=53, index=0): None
119.1798 	DATA 	Keypress: down
119.1858 	EXP 	fixation: autoDraw = False
119.1858 	EXP 	grating: autoDraw = False
119.1858 	EXP 	grating: ori = -3.0
119.1858 	EXP 	fixation: autoDraw = True
120.1891 	EXP 	fixation: autoDraw = False
120.1891 	EXP 	grating: autoDraw = True
120.4898 	EXP 	grating: autoDraw = False
120.8108 	EXP 	New trial (rep=54, index=0): None
120.8134 	DATA 	Keypress: down
120.8239 	EXP 	fixation: autoDraw = False
120.8239 	EXP 	grating: autoDraw = False
120.8239 	EXP 	grating: ori = 0.0
120.8239 	EXP 	fixation: autoDraw = True
121.8096 	EXP 	grating: autoDraw = True
121.8264 	EXP 	fixation: autoDraw = False
122.1102 	EXP 	grating: autoDraw = False
122.7656 	EXP 	New trial (rep=55, index=0): None
122.7682 	DATA 	Keypress: up
122.7793 	EXP 	fixation: autoDraw = False
122.7793 	EXP 	grating: autoDraw = False
122.7793 	EXP 	grating: ori = 0.0
122.7793 	EXP 	fixation: autoDraw = True
123.7651 	EXP 	grating: autoDraw = True
123.7819 	EXP 	fixation: autoDraw = False
124.0660 	EXP 	grating: autoDraw = False
124.7878 	EXP 	New trial (rep=56, index=0): None
124.7905 	DATA 	Keypress: up
124.8010 	EXP 	fixation: autoDraw = False
124.8010 	EXP 	grating: autoDraw = False
124.8010 	EXP 	grating: ori = 0.0
124.8010 	EXP 	fixation: autoDraw = True
125.7868 	EXP 	grating: autoDraw = True
125.8037 	EXP 	fixation: autoDraw = False
126.0880 	EXP 	grating: autoDraw = False
126.6753 	EXP 	New trial (rep=57, index=0): None
126.6780 	DATA 	Keypress: down
126.6893 	EXP 	fixation: autoDraw = False
126.6893 	EXP 	grating: autoDraw = False
126.6893 	EXP 	grating: ori = 0.0
126.6893 	EXP 	fixation: autoDraw = True
127.6757 	EXP 	grating: autoDraw = True
127.6923 	EXP 	fixation: autoDraw = False
127.9764 	EXP 	grating: autoDraw = False
128.3303 	EXP 	New trial (rep=58, index=0): None
128.3329 	DATA 	Keypress: down
128.3440 	EXP 	fixation: autoDraw = False
128.3440 	EXP 	grating: autoDraw = False
128.3440 	EXP 	grating: ori = 0.0
128.3440 	EXP 	fixation: autoDraw = True
129.3299 	EXP 	grating: autoDraw = True
129.3462 	EXP 	fixation: autoDraw = False
129.6307 	EXP 	grating: autoDraw = False
129.8670 	EXP 	New trial (rep=59, index=0): None
129.8697 	DATA 	Keypress: up
129.8815 	EXP 	fixation: autoDraw = False
129.8815 	EXP 	grating: autoDraw = False
129.8815 	EXP 	grating: ori = 0.0
129.8815 	EXP 	fixation: autoDraw = True
130.8674 	EXP 	grating: autoDraw = True
130.8840 	EXP 	fixation: autoDraw = False
131.1685 	EXP 	grating: autoDraw = False
131.6400 	EXP 	New trial (rep=60, index=0): None
131.6428 	DATA 	Keypress: down
131.6527 	EXP 	fixation: autoDraw = False
131.6527 	EXP 	grating: autoDraw = False
131.6527 	EXP 	grating: ori = -4.0
131.6527 	EXP 	fixation: autoDraw = True
132.6389 	EXP 	grating: autoDraw = True
132.6554 	EXP 	fixation: autoDraw = False
132.9395 	EXP 	grating: autoDraw = False
133.2936 	EXP 	New trial (rep=61, index=0): None
133.2962 	DATA 	Keypress: down
133.3069 	EXP 	fixation: autoDraw = False
133.3069 	EXP 	grating: autoDraw = False
133.3069 	EXP 	grating: ori = -2.0
133.3069 	EXP 	fixation: autoDraw = True
134.2930 	EXP 	grating: autoDraw = True
134.3099 	EXP 	fixation: autoDraw = False
134.5941 	EXP 	grating: autoDraw = False
134.9149 	EXP 	New trial (rep=62, index=0): None
134.9178 	DATA 	Keypress: down
134.9278 	EXP 	fixation: autoDraw = False
134.9278 	EXP 	grating: autoDraw = False
134.9278 	EXP 	grating: ori = 0.0
134.9278 	EXP 	fixation: autoDraw = True
135.9141 	EXP 	grating: autoDraw = True
135.9309 	EXP 	fixation: autoDraw = False
136.2151 	EXP 	grating: autoDraw = False
136.5690 	EXP 	New trial (rep=63, index=0): None
136.5717 	DATA 	Keypress: up
136.5825 	EXP 	fixation: autoDraw = False
136.5825 	EXP 	grating: autoDraw = False
136.5825 	EXP 	grating: ori = 0.0
136.5825 	EXP 	fixation: autoDraw = True
137.5687 	EXP 	grating: autoDraw = True
137.5855 	EXP 	fixation: autoDraw = False
137.8695 	EXP 	grating: autoDraw = False
138.1230 	EXP 	New trial (rep=64, index=0): None
138.1256 	DATA 	Keypress: up
138.1364 	EXP 	fixation: autoDraw = False
138.1364 	EXP 	grating: autoDraw = False
138.1364 	EXP 	grating: ori = 0.0
138.1364 	EXP 	fixation: autoDraw = True
139.1228 	EXP 	grating: autoDraw = True
139.1396 	EXP 	fixation: autoDraw = False
139.4236 	EXP 	grating: autoDraw = False
139.6106 	EXP 	New trial (rep=65, index=0): None
139.6132 	DATA 	Keypress: up
139.6238 	EXP 	fixation: autoDraw = False
139.6238 	EXP 	grating: autoDraw = False
139.6238 	EXP 	grating: ori = 0.0
139.6238 	EXP 	fixation: autoDraw = True
140.6102 	EXP 	grating: autoDraw = True
140.6269 	EXP 	fixation: autoDraw = False
140.9109 	EXP 	grating: autoDraw = False
141.1661 	EXP 	New trial (rep=66, index=0): None
141.1688 	DATA 	Keypress: up
141.1777 	EXP 	fixation: autoDraw = False
141.1777 	EXP 	grating: autoDraw = False
141.1777 	EXP 	grating: ori = 0.0
141.1777 	EXP 	fixation: autoDraw = True
142.1809 	EXP 	fixation: autoDraw = False
142.1809 	EXP 	grating: autoDraw = True
142.4817 	EXP 	grating: autoDraw = False
142.9048 	EXP 	New trial (rep=67, index=0): None
142.9076 	DATA 	Keypress: up
142.9158 	EXP 	fixation: autoDraw = False
142.9158 	EXP 	grating: autoDraw = False
142.9158 	EXP 	grating: ori = 1.0
142.9158 	EXP 	fixation: autoDraw = True
143.9186 	EXP 	fixation: autoDraw = False
143.9186 	EXP 	grating: autoDraw = True
144.2197 	EXP 	grating: autoDraw = False
144.4405 	EXP 	New trial (rep=68, index=0): None
144.4431 	DATA 	Keypress: up
144.4535 	EXP 	fixation: autoDraw = False
144.4535 	EXP 	grating: autoDraw = False
144.4535 	EXP 	grating: ori = 0.0
144.4535 	EXP 	fixation: autoDraw = True
145.4397 	EXP 	grating: autoDraw = True
145.4561 	EXP 	fixation: autoDraw = False
145.7399 	EXP 	grating: autoDraw = False
146.3124 	EXP 	New trial (rep=69, index=0): None
146.3151 	DATA 	Keypress: up
146.3250 	EXP 	fixation: autoDraw = False
146.3250 	EXP 	grating: autoDraw = False
146.3250 	EXP 	grating: ori = 0.0
146.3250 	EXP 	fixation: autoDraw = True
147.3109 	EXP 	grating: autoDraw = True
147.3276 	EXP 	fixation: autoDraw = False
147.6123 	EXP 	grating: autoDraw = False
148.5672 	EXP 	New trial (rep=70, index=0): None
148.5698 	DATA 	Keypress: down
148.5812 	EXP 	fixation: autoDraw = False
148.5812 	EXP 	grating: autoDraw = False
148.5812 	EXP 	grating: ori = -4.0
148.5812 	EXP 	fixation: autoDraw = True
149.5669 	EXP 	grating: autoDraw = True
149.5838 	EXP 	fixation: autoDraw = False
149.8682 	EXP 	grating: autoDraw = False
150.0593 	EXP 	New trial (rep=71, index=0): None
150.0627 	DATA 	Keypress: down
150.0689 	EXP 	fixation: autoDraw = False
150.0689 	EXP 	grating: autoDraw = False
150.0689 	EXP 	grating: ori = -4.0
150.0689 	EXP 	fixation: autoDraw = True
151.0717 	EXP 	fixation: autoDraw = False
151.0717 	EXP 	grating: autoDraw = True
151.3722 	EXP 	grating: autoDraw = False
151.6928 	EXP 	New trial (rep=72, index=0): None
151.6955 	DATA 	Keypress: down
151.7062 	EXP 	fixation: autoDraw = False
151.7062 	EXP 	grating: autoDraw = False
151.7062 	EXP 	grating: ori = -5.0
151.7062 	EXP 	fixation: autoDraw = True
152.6922 	EXP 	grating: autoDraw = True
152.7092 	EXP 	fixation: autoDraw = False
152.9936 	EXP 	grating: autoDraw = False
153.1300 	EXP 	New trial (rep=73, index=0): None
153.1325 	DATA 	Keypress: down
153.1437 	EXP 	fixation: autoDraw = False
153.1437 	EXP 	grating: autoDraw = False
153.1437 	EXP 	grating: ori = 4.0
153.1437 	EXP 	fixation: autoDraw = True
154.1296 	EXP 	grating: autoDraw = True
154.1464 	EXP 	fixation: autoDraw = False
154.4304 	EXP 	grating: autoDraw = False
155.2244 	EXP 	New trial (rep=74, index=0): None
155.2271 	DATA 	Keypress: down
155.2326 	EXP 	fixation: autoDraw = False
155.2326 	EXP 	grating: autoDraw = False
155.2326 	EXP 	grating: ori = 4.0
155.2326 	EXP 	fixation: autoDraw = True
156.2356 	EXP 	fixation: autoDraw = False
156.2356 	EXP 	grating: autoDraw = True
156.5360 	EXP 	grating: autoDraw = False
156.8267 	EXP 	New trial (rep=75, index=0): None
156.8297 	DATA 	Keypress: down
156.8364 	EXP 	fixation: autoDraw = False
156.8364 	EXP 	grating: autoDraw = False
156.8364 	EXP 	grating: ori = -3.0
156.8364 	EXP 	fixation: autoDraw = True
157.8395 	EXP 	fixation: autoDraw = False
157.8395 	EXP 	grating: autoDraw = True
158.1406 	EXP 	grating: autoDraw = False
158.3788 	EXP 	New trial (rep=76, index=0): None
158.3817 	DATA 	Keypress: down
158.3905 	EXP 	fixation: autoDraw = False
158.3905 	EXP 	grating: autoDraw = False
158.3905 	EXP 	grating: ori = 4.0
158.3905 	EXP 	fixation: autoDraw = True
159.3939 	EXP 	fixation: autoDraw = False
159.3939 	EXP 	grating: autoDraw = True
159.6945 	EXP 	grating: autoDraw = False
159.9016 	EXP 	New trial (rep=77, index=0): None
159.9046 	DATA 	Keypress: down
159.9112 	EXP 	fixation: autoDraw = False
159.9112 	EXP 	grating: autoDraw = False
159.9112 	EXP 	grating: ori = 0.0
159.9112 	EXP 	fixation: autoDraw = True
160.9145 	EXP 	fixation: autoDraw = False
160.9145 	EXP 	grating: autoDraw = True
161.2151 	EXP 	grating: autoDraw = False
161.7059 	EXP 	New trial (rep=78, index=0): None
161.7086 	DATA 	Keypress: down
161.7159 	EXP 	fixation: autoDraw = False
161.7159 	EXP 	grating: autoDraw = False
161.7159 	EXP 	grating: ori = 0.0
161.7159 	EXP 	fixation: autoDraw = True
162.7189 	EXP 	fixation: autoDraw = False
162.7189 	EXP 	grating: autoDraw = True
163.0199 	EXP 	grating: autoDraw = False
163.2066 	EXP 	New trial (rep=79, index=0): None
163.2092 	DATA 	Keypress: down
163.2200 	EXP 	fixation: autoDraw = False
163.2200 	EXP 	grating: autoDraw = False
163.2200 	EXP 	grating: ori = 2.0
163.2200 	EXP 	fixation: autoDraw = True
164.2068 	EXP 	grating: autoDraw = True
164.2231 	EXP 	fixation: autoDraw = False
164.5073 	EXP 	grating: autoDraw = False
164.9949 	EXP 	New trial (rep=80, index=0): None
164.9976 	DATA 	Keypress: down
165.0082 	EXP 	fixation: autoDraw = False
165.0082 	EXP 	grating: autoDraw = False
165.0082 	EXP 	grating: ori = -4.0
165.0082 	EXP 	fixation: autoDraw = True
165.9940 	EXP 	grating: autoDraw = True
166.0108 	EXP 	fixation: autoDraw = False
166.2953 	EXP 	grating: autoDraw = False
166.7225 	EXP 	New trial (rep=81, index=0): None
166.7256 	DATA 	Keypress: down
166.7466 	EXP 	fixation: autoDraw = False
166.7466 	EXP 	grating: autoDraw = False
166.7466 	EXP 	grating: ori = 3.0
166.7466 	EXP 	fixation: autoDraw = True
167.7325 	EXP 	grating: autoDraw = True
167.7493 	EXP 	fixation: autoDraw = False
168.0336 	EXP 	grating: autoDraw = False
168.5719 	EXP 	New trial (rep=82, index=0): None
168.5746 	DATA 	Keypress: down
168.5847 	EXP 	fixation: autoDraw = False
168.5847 	EXP 	grating: autoDraw = False
168.5847 	EXP 	grating: ori = 1.0
168.5847 	EXP 	fixation: autoDraw = True
169.5705 	EXP 	grating: autoDraw = True
169.5873 	EXP 	fixation: autoDraw = False
169.8716 	EXP 	grating: autoDraw = False
170.3628 	EXP 	New trial (rep=83, index=0): None
170.3661 	DATA 	Keypress: up
170.3724 	EXP 	fixation: autoDraw = False
170.3724 	EXP 	grating: autoDraw = False
170.3724 	EXP 	grating: ori = 0.0
170.3724 	EXP 	fixation: autoDraw = True
171.3757 	EXP 	fixation: autoDraw = False
171.3757 	EXP 	grating: autoDraw = True
171.6766 	EXP 	grating: autoDraw = False
172.0806 	EXP 	New trial (rep=84, index=0): None
172.0832 	DATA 	Keypress: up
172.0943 	EXP 	fixation: autoDraw = False
172.0943 	EXP 	grating: autoDraw = False
172.0943 	EXP 	grating: ori = -4.0
172.0943 	EXP 	fixation: autoDraw = True
173.0799 	EXP 	grating: autoDraw = True
173.0965 	EXP 	fixation: autoDraw = False
173.3802 	EXP 	grating: autoDraw = False
173.8346 	EXP 	New trial (rep=85, index=0): None
173.8376 	DATA 	Keypress: down
173.8480 	EXP 	fixation: autoDraw = False
173.8480 	EXP 	grating: autoDraw = False
173.8480 	EXP 	grating: ori = 4.0
173.8480 	EXP 	fixation: autoDraw = True
174.8347 	EXP 	grating: autoDraw = True
174.8519 	EXP 	fixation: autoDraw = False
175.1357 	EXP 	grating: autoDraw = False
175.6086 	EXP 	New trial (rep=86, index=0): None
175.6129 	DATA 	Keypress: down
175.6199 	EXP 	fixation: autoDraw = False
175.6199 	EXP 	grating: autoDraw = False
175.6199 	EXP 	grating: ori = 2.0
175.6199 	EXP 	fixation: autoDraw = True
176.6227 	EXP 	fixation: autoDraw = False
176.6227 	EXP 	grating: autoDraw = True
176.9240 	EXP 	grating: autoDraw = False
177.4151 	EXP 	New trial (rep=87, index=0): None
177.4183 	DATA 	Keypress: down
177.4250 	EXP 	fixation: autoDraw = False
177.4250 	EXP 	grating: autoDraw = False
177.4250 	EXP 	grating: ori = 0.0
177.4250 	EXP 	fixation: autoDraw = True
178.4279 	EXP 	fixation: autoDraw = False
178.4279 	EXP 	grating: autoDraw = True
178.7286 	EXP 	grating: autoDraw = False
179.2524 	EXP 	New trial (rep=88, index=0): None
179.2556 	DATA 	Keypress: up
179.2626 	EXP 	fixation: autoDraw = False
179.2626 	EXP 	grating: autoDraw = False
179.2626 	EXP 	grating: ori = 0.0
179.2626 	EXP 	fixation: autoDraw = True
180.2654 	EXP 	fixation: autoDraw = False
180.2654 	EXP 	grating: autoDraw = True
180.5668 	EXP 	grating: autoDraw = False
180.9376 	EXP 	New trial (rep=89, index=0): None
180.9404 	DATA 	Keypress: up
180.9507 	EXP 	fixation: autoDraw = False
180.9507 	EXP 	grating: autoDraw = False
180.9507 	EXP 	grating: ori = 2.0
180.9507 	EXP 	fixation: autoDraw = True
181.9375 	EXP 	grating: autoDraw = True
181.9538 	EXP 	fixation: autoDraw = False
182.2375 	EXP 	grating: autoDraw = False
182.9437 	EXP 	New trial (rep=90, index=0): None
182.9465 	DATA 	Keypress: down
182.9564 	EXP 	fixation: autoDraw = False
182.9564 	EXP 	grating: autoDraw = False
182.9564 	EXP 	grating: ori = 0.0
182.9564 	EXP 	fixation: autoDraw = True
183.9425 	EXP 	grating: autoDraw = True
183.9594 	EXP 	fixation: autoDraw = False
184.2434 	EXP 	grating: autoDraw = False
184.8483 	EXP 	New trial (rep=91, index=0): None
184.8510 	DATA 	Keypress: up
184.8611 	EXP 	fixation: autoDraw = False
184.8611 	EXP 	grating: autoDraw = False
184.8611 	EXP 	grating: ori = -2.0
184.8611 	EXP 	fixation: autoDraw = True
185.8477 	EXP 	grating: autoDraw = True
185.8646 	EXP 	fixation: autoDraw = False
186.1484 	EXP 	grating: autoDraw = False
186.6526 	EXP 	New trial (rep=92, index=0): None
186.6553 	DATA 	Keypress: down
186.6663 	EXP 	fixation: autoDraw = False
186.6663 	EXP 	grating: autoDraw = False
186.6663 	EXP 	grating: ori = 0.0
186.6663 	EXP 	fixation: autoDraw = True
187.6528 	EXP 	grating: autoDraw = True
187.6691 	EXP 	fixation: autoDraw = False
187.9529 	EXP 	grating: autoDraw = False
188.2423 	EXP 	New trial (rep=93, index=0): None
188.2451 	DATA 	Keypress: up
188.2539 	EXP 	fixation: autoDraw = False
188.2539 	EXP 	grating: autoDraw = False
188.2539 	EXP 	grating: ori = 0.0
188.2539 	EXP 	fixation: autoDraw = True
189.2566 	EXP 	fixation: autoDraw = False
189.2566 	EXP 	grating: autoDraw = True
189.5570 	EXP 	grating: autoDraw = False
189.8284 	EXP 	New trial (rep=94, index=0): None
189.8318 	DATA 	Keypress: up
189.8411 	EXP 	fixation: autoDraw = False
189.8411 	EXP 	grating: autoDraw = False
189.8411 	EXP 	grating: ori = 0.0
189.8411 	EXP 	fixation: autoDraw = True
190.8274 	EXP 	grating: autoDraw = True
190.8443 	EXP 	fixation: autoDraw = False
191.1281 	EXP 	grating: autoDraw = False
191.2306 	EXP 	New trial (rep=95, index=0): None
191.2332 	DATA 	Keypress: up
191.2452 	EXP 	fixation: autoDraw = False
191.2452 	EXP 	grating: autoDraw = False
191.2452 	EXP 	grating: ori = 0.0
191.2452 	EXP 	fixation: autoDraw = True
192.2316 	EXP 	grating: autoDraw = True
192.2481 	EXP 	fixation: autoDraw = False
192.5323 	EXP 	grating: autoDraw = False
192.7867 	EXP 	New trial (rep=96, index=0): None
192.7896 	DATA 	Keypress: up
192.7990 	EXP 	fixation: autoDraw = False
192.7990 	EXP 	grating: autoDraw = False
192.7990 	EXP 	grating: ori = 0.0
192.7990 	EXP 	fixation: autoDraw = True
193.7858 	EXP 	grating: autoDraw = True
193.8024 	EXP 	fixation: autoDraw = False
194.0864 	EXP 	grating: autoDraw = False
194.1924 	EXP 	New trial (rep=97, index=0): None
194.1957 	DATA 	Keypress: up
194.2027 	EXP 	fixation: autoDraw = False
194.2027 	EXP 	grating: autoDraw = False
194.2027 	EXP 	grating: ori = 4.0
194.2027 	EXP 	fixation: autoDraw = True
195.2058 	EXP 	fixation: autoDraw = False
195.2058 	EXP 	grating: autoDraw = True
195.5068 	EXP 	grating: autoDraw = False
195.8809 	EXP 	New trial (rep=98, index=0): None
195.8840 	DATA 	Keypress: down
195.8903 	EXP 	fixation: autoDraw = False
195.8903 	EXP 	grating: autoDraw = False
195.8903 	EXP 	grating: ori = 0.0
195.8903 	EXP 	fixation: autoDraw = True
196.8938 	EXP 	fixation: autoDraw = False
196.8938 	EXP 	grating: autoDraw = True
197.1946 	EXP 	grating: autoDraw = False
197.6151 	EXP 	New trial (rep=99, index=0): None
197.6178 	DATA 	Keypress: down
197.6287 	EXP 	fixation: autoDraw = False
197.6287 	EXP 	grating: autoDraw = False
197.6287 	EXP 	grating: ori = 0.0
197.6287 	EXP 	fixation: autoDraw = True
198.6150 	EXP 	grating: autoDraw = True
198.6318 	EXP 	fixation: autoDraw = False
198.9160 	EXP 	grating: autoDraw = False
199.1368 	DATA 	Keypress: down
199.1498 	EXP 	fixation: autoDraw = False
199.1498 	EXP 	grating: autoDraw = False
199.4525 	EXP 	window1: mouseVisible = True
